--- Starting xrnet v0.2.3 (release mode) ---
[INFO] Launching Backend (integrated UI)...
[INFO] Launching Frontend Gateway (Placeholder)...
[INFO] xrnet processes started. PIDs: Backend(988700), Main(988701)
========================================
      xrnet-backend v0.2.3
========================================
[INFO] Initializing Everything Protocol (libp2p + Kademlia)...
[PROTOCOL] Local Peer ID: PeerId("12D3KooWNwNcMfc1r3brwXA1oX4Yty9NdKpokuyfaxLkpBTWqPQQ")
[INFO] API_PORT env var: 8080
[API] Server listening on http://127.0.0.1:8080
[PROTOCOL] Attempting to connect to surrounding system (port 9000)...
========================================
      xrnet - Decentralized OS
      Version: 0.2.3
========================================

[INFO] Orchestrating xrnet system startup...
[COORD] Executing Executive Autonomous Protocol...
[COORD] Executive Protocol Successful.
  [PROTOCOL] === EXECUTIVE PROTOCOL: AUTONOMOUS ENGINE STARTING ===
  [PROTOCOL] --- SECTION 2: REPO & GIT SANITIZATION ---
  [PROTOCOL] Running: sh ./scripts/sync_repo.sh
  [PROTOCOL] --- SECTION 3: RE-ANALYSIS & ROADMAP EXTRACTION ---
  [PROTOCOL] Analysis complete. Updated TODO.md.
  [PROTOCOL] --- SECTION 4: CORE DOCUMENTATION & VERSIONING ---
  [PROTOCOL] Version bumped to 0.2.4.
  [PROTOCOL] --- STEP 3: WORKSPACE CLEANUP & BUILD (SKIPPED) ---
  [PROTOCOL] === EXECUTIVE PROTOCOL: COMPLETED ===
[COORD] Waiting for Everything Protocol [READY] signal...
[COORD] Everything Protocol detected as READY.
[COORD] Loading Spatial Layer AI Models...
[COORD] Loading configuration from spatial/config.toml...
[COORD] AI Models loaded (Gaussian Splatting LWM).
[COORD] Starting UI/Frontend Gateway...

[SUCCESS] xrnet is now fully operational.
System healthy. Press Ctrl+C to terminate all processes.
[PROTOCOL] Warning: Could not connect to surrounding system. Operating in standalone mode.
[INFO] Everything Protocol initialized successfully.
[STATUS] READY
[PROTOCOL] Listening on /ip4/127.0.0.1/tcp/39715
[PROTOCOL] Listening on /ip4/192.168.0.2/tcp/39715
[PROTOCOL] Listening on /ip4/172.17.0.1/tcp/39715
[API] Send Message: Hello mesh network!
[PROTOCOL] Publish error: InsufficientPeers
[API] DHT PUT Request: market:12D3KooWNwNcMfc1r3brwXA1oX4Yty9NdKpokuyfaxLkpBTWqPQQ:1780889230734 = Quantum Computer
[PROTOCOL] Initiated Kademlia PUT for key: market:12D3KooWNwNcMfc1r3brwXA1oX4Yty9NdKpokuyfaxLkpBTWqPQQ:1780889230734
[PROTOCOL] Kademlia Event: OutboundQueryProgressed { id: QueryId(0), result: PutRecord(Err(QuorumFailed { key: Key(b"market:12D3KooWNwNcMfc1r3brwXA1oX4Yty9NdKpokuyfaxLkpBTWqPQQ:1780889230734"), success: [], quorum: 1 })), stats: QueryStats { requests: 0, success: 0, failure: 0, start: Some(Instant { tv_sec: 4271, tv_nsec: 538828789 }), end: Some(Instant { tv_sec: 4271, tv_nsec: 538828789 }) }, step: ProgressStep { count: 1, last: true } }
