--- Starting xrnet v0.1.6 ---
[INFO] Launching Backend...
[INFO] Launching Frontend Gateway (Placeholder)...
[INFO] xrnet processes started. PIDs: Backend(1452209), Main(1452210)
========================================
      xrnet-backend v0.1.6
========================================
[PROTOCOL] Attempting to connect to surrounding system (port 9000)...
[PROTOCOL] Connected to external peer.
[PROTOCOL] Handshake with external system successful.
[API] Server listening on http://0.0.0.0:8080
[INFO] Everything Protocol initialized successfully.
[STATUS] READY

thread 'tokio-rt-worker' (1452350) panicked at src/main.rs:229:66:
called `Result::unwrap()` on an `Err` value: Os { code: 98, kind: AddrInUse, message: "Address already in use" }
note: run with `RUST_BACKTRACE=1` environment variable to display a backtrace
[PROTOCOL] Listening on /ip4/127.0.0.1/tcp/44965
[PROTOCOL] Listening on /ip4/192.168.0.2/tcp/44965
[PROTOCOL] Listening on /ip4/172.17.0.1/tcp/44965
[PROTOCOL] Discovered peer 12D3KooWD9kxpBHAn3FuieJhVNboTsfZHvomsvHhs5ePoYCosguf at /ip4/172.17.0.1/tcp/46849/p2p/12D3KooWD9kxpBHAn3FuieJhVNboTsfZHvomsvHhs5ePoYCosguf
[PROTOCOL] Discovered peer 12D3KooWD9kxpBHAn3FuieJhVNboTsfZHvomsvHhs5ePoYCosguf at /ip4/192.168.0.2/tcp/46849/p2p/12D3KooWD9kxpBHAn3FuieJhVNboTsfZHvomsvHhs5ePoYCosguf
[PROTOCOL] Kademlia Event: RoutingUpdated { peer: PeerId("12D3KooWD9kxpBHAn3FuieJhVNboTsfZHvomsvHhs5ePoYCosguf"), is_new_peer: true, addresses: [/ip4/172.17.0.1/tcp/46849/p2p/12D3KooWD9kxpBHAn3FuieJhVNboTsfZHvomsvHhs5ePoYCosguf], bucket_range: (Distance(57896044618658097711785492504343953926634992332820282019728792003956564819968), Distance(115792089237316195423570985008687907853269984665640564039457584007913129639935)), old_peer: None }
[PROTOCOL] Kademlia Event: RoutingUpdated { peer: PeerId("12D3KooWD9kxpBHAn3FuieJhVNboTsfZHvomsvHhs5ePoYCosguf"), is_new_peer: false, addresses: [/ip4/172.17.0.1/tcp/46849/p2p/12D3KooWD9kxpBHAn3FuieJhVNboTsfZHvomsvHhs5ePoYCosguf, /ip4/192.168.0.2/tcp/46849/p2p/12D3KooWD9kxpBHAn3FuieJhVNboTsfZHvomsvHhs5ePoYCosguf], bucket_range: (Distance(57896044618658097711785492504343953926634992332820282019728792003956564819968), Distance(115792089237316195423570985008687907853269984665640564039457584007913129639935)), old_peer: None }
========================================
      xrnet - Decentralized OS
      Version: 0.1.6
========================================

[INFO] Orchestrating xrnet system startup...
[COORD] Executing Executive Autonomous Protocol...
[PROTOCOL] Kademlia Event: OutboundQueryProgressed { id: QueryId(0), result: Bootstrap(Ok(BootstrapOk { peer: PeerId("12D3KooWE1ddfxG7z7x6Zj3mcphiRGfKTpXTY3W6JuorUWEwT6hF"), num_remaining: 0 })), stats: QueryStats { requests: 1, success: 0, failure: 1, start: Some(Instant { tv_sec: 171089, tv_nsec: 780886986 }), end: Some(Instant { tv_sec: 171091, tv_nsec: 167659432 }) }, step: ProgressStep { count: 1, last: true } }
[COORD] Executive Protocol Successful.
  [PROTOCOL] === EXECUTIVE PROTOCOL: AUTONOMOUS ENGINE STARTING ===
  [PROTOCOL] --- SECTION 2: REPO & GIT SANITIZATION ---
  [PROTOCOL] Running: sh ./scripts/sync_repo.sh
  [PROTOCOL] --- SECTION 3: RE-ANALYSIS & ROADMAP EXTRACTION ---
  [PROTOCOL] Analysis complete. Updated TODO.md.
  [PROTOCOL] --- SECTION 4: CORE DOCUMENTATION & VERSIONING ---
  [PROTOCOL] Version bumped to 0.1.7.
  [PROTOCOL] --- STEP 3: WORKSPACE CLEANUP & BUILD ---
  [PROTOCOL] Running: ./build.sh
  [PROTOCOL] === EXECUTIVE PROTOCOL: COMPLETED ===
[COORD] Waiting for Everything Protocol [READY] signal...
[COORD] Everything Protocol detected as READY.
[COORD] Loading Spatial Layer AI Models...
[COORD] Loading configuration from spatial/config.toml...
[COORD] AI Models loaded (Gaussian Splatting LWM).
[COORD] Starting UI/Frontend Gateway...

[SUCCESS] xrnet is now fully operational.
System healthy. Press Ctrl+C to terminate all processes.
[PROTOCOL] Kademlia Event: OutboundQueryProgressed { id: QueryId(1), result: Bootstrap(Ok(BootstrapOk { peer: PeerId("12D3KooWE1ddfxG7z7x6Zj3mcphiRGfKTpXTY3W6JuorUWEwT6hF"), num_remaining: 0 })), stats: QueryStats { requests: 1, success: 0, failure: 1, start: Some(Instant { tv_sec: 171389, tv_nsec: 782264247 }), end: Some(Instant { tv_sec: 171389, tv_nsec: 784816370 }) }, step: ProgressStep { count: 1, last: true } }
[PROTOCOL] Kademlia Event: OutboundQueryProgressed { id: QueryId(2), result: Bootstrap(Ok(BootstrapOk { peer: PeerId("12D3KooWE1ddfxG7z7x6Zj3mcphiRGfKTpXTY3W6JuorUWEwT6hF"), num_remaining: 0 })), stats: QueryStats { requests: 1, success: 0, failure: 1, start: Some(Instant { tv_sec: 171689, tv_nsec: 782919400 }), end: Some(Instant { tv_sec: 171689, tv_nsec: 784550518 }) }, step: ProgressStep { count: 1, last: true } }
[PROTOCOL] Kademlia Event: OutboundQueryProgressed { id: QueryId(3), result: Bootstrap(Ok(BootstrapOk { peer: PeerId("12D3KooWE1ddfxG7z7x6Zj3mcphiRGfKTpXTY3W6JuorUWEwT6hF"), num_remaining: 0 })), stats: QueryStats { requests: 1, success: 0, failure: 1, start: Some(Instant { tv_sec: 171989, tv_nsec: 783677153 }), end: Some(Instant { tv_sec: 171989, tv_nsec: 785477130 }) }, step: ProgressStep { count: 1, last: true } }
[PROTOCOL] Kademlia Event: OutboundQueryProgressed { id: QueryId(4), result: Bootstrap(Ok(BootstrapOk { peer: PeerId("12D3KooWE1ddfxG7z7x6Zj3mcphiRGfKTpXTY3W6JuorUWEwT6hF"), num_remaining: 0 })), stats: QueryStats { requests: 1, success: 0, failure: 1, start: Some(Instant { tv_sec: 172289, tv_nsec: 784358381 }), end: Some(Instant { tv_sec: 172289, tv_nsec: 785919218 }) }, step: ProgressStep { count: 1, last: true } }
[PROTOCOL] Kademlia Event: OutboundQueryProgressed { id: QueryId(5), result: Bootstrap(Ok(BootstrapOk { peer: PeerId("12D3KooWE1ddfxG7z7x6Zj3mcphiRGfKTpXTY3W6JuorUWEwT6hF"), num_remaining: 0 })), stats: QueryStats { requests: 1, success: 0, failure: 1, start: Some(Instant { tv_sec: 172589, tv_nsec: 784857564 }), end: Some(Instant { tv_sec: 172589, tv_nsec: 786109606 }) }, step: ProgressStep { count: 1, last: true } }
[PROTOCOL] Kademlia Event: OutboundQueryProgressed { id: QueryId(6), result: Bootstrap(Ok(BootstrapOk { peer: PeerId("12D3KooWE1ddfxG7z7x6Zj3mcphiRGfKTpXTY3W6JuorUWEwT6hF"), num_remaining: 0 })), stats: QueryStats { requests: 1, success: 0, failure: 1, start: Some(Instant { tv_sec: 172889, tv_nsec: 785464430 }), end: Some(Instant { tv_sec: 172889, tv_nsec: 787077126 }) }, step: ProgressStep { count: 1, last: true } }
[PROTOCOL] Kademlia Event: OutboundQueryProgressed { id: QueryId(7), result: Bootstrap(Ok(BootstrapOk { peer: PeerId("12D3KooWE1ddfxG7z7x6Zj3mcphiRGfKTpXTY3W6JuorUWEwT6hF"), num_remaining: 0 })), stats: QueryStats { requests: 1, success: 0, failure: 1, start: Some(Instant { tv_sec: 173189, tv_nsec: 786000024 }), end: Some(Instant { tv_sec: 173189, tv_nsec: 787239513 }) }, step: ProgressStep { count: 1, last: true } }
[PROTOCOL] Kademlia Event: OutboundQueryProgressed { id: QueryId(8), result: Bootstrap(Ok(BootstrapOk { peer: PeerId("12D3KooWE1ddfxG7z7x6Zj3mcphiRGfKTpXTY3W6JuorUWEwT6hF"), num_remaining: 0 })), stats: QueryStats { requests: 1, success: 0, failure: 1, start: Some(Instant { tv_sec: 173489, tv_nsec: 786760404 }), end: Some(Instant { tv_sec: 173489, tv_nsec: 789079890 }) }, step: ProgressStep { count: 1, last: true } }
[PROTOCOL] Kademlia Event: OutboundQueryProgressed { id: QueryId(9), result: Bootstrap(Ok(BootstrapOk { peer: PeerId("12D3KooWE1ddfxG7z7x6Zj3mcphiRGfKTpXTY3W6JuorUWEwT6hF"), num_remaining: 0 })), stats: QueryStats { requests: 1, success: 0, failure: 1, start: Some(Instant { tv_sec: 173789, tv_nsec: 787545730 }), end: Some(Instant { tv_sec: 173789, tv_nsec: 789629388 }) }, step: ProgressStep { count: 1, last: true } }
