timestamp,cpu_percent,mem_percent,uptime_secs,peers,msg_sent,msg_recv
2026-06-10 04:37:05,33.3,11.1,26762,1,26,40
2026-06-10 04:37:15,1.2,10.8,26772,2,26,40
2026-06-10 04:37:25,1.7,10.9,26782,2,26,40
2026-06-10 04:37:35,0.1,10.9,26792,2,26,40
2026-06-10 04:37:45,0.1,10.9,26802,2,26,40
2026-06-10 04:37:55,0.5,10.9,26812,2,26,40
2026-06-10 04:38:05,0.3,10.9,26822,2,26,40
2026-06-10 04:38:15,0.1,10.9,26832,2,26,40
2026-06-10 04:38:25,0.1,10.9,26842,2,26,40
2026-06-10 04:38:35,0.2,10.9,26852,2,26,40
2026-06-10 04:38:45,17.2,10.9,26862,2,26,40
2026-06-10 04:38:55,26.8,10.9,26872,2,26,40
2026-06-10 04:39:05,14.9,10.8,26882,2,26,40
2026-06-10 04:39:15,22.2,10.8,26892,2,26,40
2026-06-10 04:39:26,24.3,10.7,26902,2,26,40
2026-06-10 04:39:36,24.2,10.8,26912,2,26,40
2026-06-10 04:39:46,27.9,10.8,26922,2,26,40
2026-06-10 04:39:56,16.7,10.8,26932,2,26,40
2026-06-10 04:40:06,0.4,10.8,26942,2,26,40
2026-06-10 04:40:16,0.2,10.8,26953,2,26,40
2026-06-10 04:40:26,0.1,10.8,26963,2,26,40
2026-06-10 04:40:36,0.2,10.8,26973,2,26,40
2026-06-10 04:40:46,0.2,10.8,26983,2,26,40
2026-06-10 04:40:56,0.2,10.8,26993,2,26,40
2026-06-10 04:41:06,0.2,10.8,27003,2,26,40
2026-06-10 04:41:16,0.1,10.8,27013,2,26,40
2026-06-10 04:41:26,0.2,10.8,27023,2,26,40
2026-06-10 04:41:36,0.1,10.8,27033,2,26,40
2026-06-10 04:41:46,0.2,10.8,27043,2,26,40
2026-06-10 04:41:56,0.2,10.8,27053,2,26,40
2026-06-10 04:42:06,0.2,10.8,27063,2,26,40
2026-06-10 04:42:16,0.2,10.8,27073,2,26,40
2026-06-10 04:42:26,0.2,10.8,27083,2,26,40
2026-06-10 04:42:36,20.7,10.7,27093,2,26,40
2026-06-10 04:42:46,24.3,10.7,27103,2,26,40
2026-06-10 04:42:56,20.4,10.7,27113,2,26,40
2026-06-10 04:43:06,24.4,10.7,27123,2,26,40
2026-06-10 04:43:16,17.1,10.8,27133,2,26,40
2026-06-10 04:43:26,0.2,10.8,27143,2,26,40
2026-06-10 04:43:36,0.1,10.8,27153,2,26,40
2026-06-10 04:43:46,0.2,10.8,27163,2,26,40
2026-06-10 04:43:56,0.1,10.8,27173,2,26,40
2026-06-10 04:44:06,0.1,10.8,27183,2,26,40
2026-06-10 04:44:16,0.1,10.8,27193,2,26,40
2026-06-10 04:44:26,0.2,10.8,27203,2,26,40
2026-06-10 04:44:36,0.2,10.8,27213,2,26,40
2026-06-10 04:44:46,0.1,10.8,27223,2,26,40
2026-06-10 04:44:56,0.1,10.8,27233,2,26,40
2026-06-10 04:45:06,0.4,10.8,27243,2,26,40
2026-06-10 04:45:16,25.8,10.6,27253,2,26,40
2026-06-10 04:45:26,17.2,10.8,27263,2,26,40
2026-06-10 04:45:36,18.0,10.8,27273,2,26,40
2026-06-10 04:45:46,23.9,10.8,27283,2,26,40
2026-06-10 04:45:56,17.1,10.8,27293,2,26,40
2026-06-10 04:46:06,24.5,10.7,27303,2,26,40
2026-06-10 04:46:16,28.2,10.9,27313,2,26,40
2026-06-10 04:46:26,30.1,10.7,27323,2,26,40
2026-06-10 04:46:36,24.0,10.8,27333,2,26,40
2026-06-10 04:46:46,23.4,10.7,27343,2,26,40
2026-06-10 04:46:56,8.9,10.7,27353,2,26,40
2026-06-10 04:47:06,0.2,10.7,27363,2,26,40
2026-06-10 04:47:16,0.1,10.7,27373,2,26,40
2026-06-10 04:47:26,0.1,10.7,27383,2,26,40
2026-06-10 04:47:36,0.1,10.7,27393,2,26,40
2026-06-10 04:47:46,0.2,10.7,27403,2,26,40
2026-06-10 04:47:56,0.4,10.7,27413,2,26,40
2026-06-10 04:48:06,0.1,10.7,27423,2,26,40
2026-06-10 04:48:16,0.1,10.7,27433,2,26,40
2026-06-10 04:48:26,0.2,10.7,27443,2,26,40
2026-06-10 04:48:36,0.1,10.7,27453,2,26,40
2026-06-10 04:48:46,0.2,10.7,27463,2,26,40
2026-06-10 04:48:56,20.8,10.8,27473,2,26,40
2026-06-10 04:49:06,23.5,10.8,27483,2,26,40
2026-06-10 04:49:16,22.1,10.7,27493,2,26,40
2026-06-10 04:49:26,23.4,11.6,27503,3,26,40
2026-06-10 04:49:36,20.2,11.2,27513,3,26,40
2026-06-10 04:49:46,0.3,10.4,27523,2,26,40
2026-06-10 04:49:56,0.1,10.4,27533,2,26,40
2026-06-10 04:50:06,0.1,10.4,27543,2,26,40
2026-06-10 04:50:16,0.1,10.4,27553,2,26,40
2026-06-10 04:50:26,0.2,10.4,27563,2,26,40
2026-06-10 04:50:36,0.1,10.4,27573,2,26,40
2026-06-10 04:50:46,0.2,10.4,27583,2,26,40
2026-06-10 04:50:56,0.1,10.4,27593,2,26,40
2026-06-10 04:51:06,0.2,10.4,27603,2,26,40
2026-06-10 04:51:16,0.2,10.4,27613,2,26,40
2026-06-10 04:51:26,0.1,10.4,27623,2,26,40
2026-06-10 04:51:36,0.2,10.4,27633,2,26,40
2026-06-10 04:51:46,0.1,10.4,27643,2,26,40
2026-06-10 04:51:56,0.2,10.4,27653,2,26,40
2026-06-10 04:52:06,19.1,10.6,27663,2,26,40
2026-06-10 04:52:16,24.8,10.6,27673,2,26,40
2026-06-10 04:52:26,21.0,10.6,27683,2,26,40
2026-06-10 04:52:36,23.5,10.7,27693,2,26,40
2026-06-10 04:52:46,27.3,10.7,27703,2,26,40
2026-06-10 04:52:56,22.5,10.6,27713,2,26,40
2026-06-10 04:53:06,21.0,10.7,27723,2,26,40
2026-06-10 04:53:16,25.6,10.8,27733,2,26,40
